#
# A fatal error has been detected by the Java Runtime Environment:
#
#  Internal Error (javaClasses.cpp:136), pid=920, tid=512
#  fatal error: Invalid layout of preloaded class
#
# JRE version:  (7.0_67-b01) (build )
# Java VM: Java HotSpot(TM) Client VM (24.65-b04 mixed mode windows-x86 )
# Failed to write core dump. Minidumps are not enabled by default on client versions of Windows
#
# If you would like to submit a bug report, please visit:
#   http://bugreport.sun.com/bugreport/crash.jsp
#

---------------  T H R E A D  ---------------

Current thread (0x01a4c400):  JavaThread "Unknown thread" [_thread_in_vm, id=512, stack(0x01b40000,0x01b90000)]

Stack: [0x01b40000,0x01b90000],  sp=0x01b8f850,  free space=318k
Native frames: (J=compiled Java code, j=interpreted, Vv=VM code, C=native code)
V  [jvm.dll+0x190494]
V  [jvm.dll+0x18a116]
V  [jvm.dll+0x35d7a]
V  [jvm.dll+0x35e06]
V  [jvm.dll+0x4465d]
V  [jvm.dll+0x4490e]
V  [jvm.dll+0x92f8a]
V  [jvm.dll+0x9333b]
V  [jvm.dll+0x13fa31]
V  [jvm.dll+0x1626fc]
V  [jvm.dll+0xc9d6f]
C  [javaw.exe+0x13ce]
C  [javaw.exe+0x1e40]
C  [javaw.exe+0xa601]
C  [javaw.exe+0xa68b]
C  [kernel32.dll+0x4ee6c]
C  [ntdll.dll+0x63a03]
C  [ntdll.dll+0x639d6]


---------------  P R O C E S S  ---------------

Java Threads: ( => current thread )

Other Threads:

=>0x01a4c400 (exited) JavaThread "Unknown thread" [_thread_in_vm, id=512, stack(0x01b40000,0x01b90000)]

VM state:not at safepoint (not fully initialized)

VM Mutex/Monitor currently owned by a thread: None

GC Heap History (0 events):
No events

Deoptimization events (0 events):
No events

Internal exceptions (0 events):
No events

Events (10 events):
Event: 0.012 loading class 0x01958f80 done
Event: 0.012 loading class 0x01958a10 done
Event: 0.012 loading class 0x019589f0
Event: 0.012 loading class 0x0195fd60
Event: 0.012 loading class 0x0195fd60 done
Event: 0.012 loading class 0x0195fd90
Event: 0.012 loading class 0x0195fd90 done
Event: 0.012 loading class 0x0195fdc0
Event: 0.012 loading class 0x0195fdc0 done
Event: 0.012 loading class 0x019589f0 done


Dynamic libraries:
0x00cf0000 - 0x00d1f000 	C:\Program Files\Java\jre7\bin\javaw.exe
0x76eb0000 - 0x76ff1000 	C:\windows\SYSTEM32\ntdll.dll
0x75d90000 - 0x75e64000 	C:\windows\system32\kernel32.dll
0x750b0000 - 0x750fb000 	C:\windows\system32\KERNELBASE.dll
0x75b30000 - 0x75bd1000 	C:\windows\system32\ADVAPI32.dll
0x75320000 - 0x753cc000 	C:\windows\system32\msvcrt.dll
0x75300000 - 0x75319000 	C:\windows\SYSTEM32\sechost.dll
0x760a0000 - 0x76142000 	C:\windows\system32\RPCRT4.dll
0x75f70000 - 0x76039000 	C:\windows\system32\USER32.dll
0x75a50000 - 0x75a9e000 	C:\windows\system32\GDI32.dll
0x752f0000 - 0x752fa000 	C:\windows\system32\LPK.dll
0x77060000 - 0x770fd000 	C:\windows\system32\USP10.dll
0x73dd0000 - 0x73f6e000 	C:\windows\WinSxS\x86_microsoft.windows.common-controls_6595b64144ccf1df_6.0.7601.18837_none_41e855142bd5705d\COMCTL32.dll
0x753d0000 - 0x75427000 	C:\windows\system32\SHLWAPI.dll
0x77040000 - 0x7705f000 	C:\windows\system32\IMM32.DLL
0x754b0000 - 0x7557c000 	C:\windows\system32\MSCTF.dll
0x10000000 - 0x1001c000 	C:\PROGRA~1\COMMON~1\Baidu\BDWEBA~1\20320~1.0\BDEWebAdapterFrame.dll
0x63e50000 - 0x63f0f000 	C:\Program Files\Java\jre7\bin\msvcr100.dll
0x62ed0000 - 0x63258000 	C:\Program Files\Java\jre7\bin\client\jvm.dll
0x68010000 - 0x68017000 	C:\windows\system32\WSOCK32.dll
0x77000000 - 0x77035000 	C:\windows\system32\WS2_32.dll
0x756f0000 - 0x756f6000 	C:\windows\system32\NSI.dll
0x73120000 - 0x73152000 	C:\windows\system32\WINMM.dll
0x75580000 - 0x75585000 	C:\windows\system32\PSAPI.DLL
0x684d0000 - 0x684dc000 	C:\Program Files\Java\jre7\bin\verify.dll
0x62eb0000 - 0x62ed0000 	C:\Program Files\Java\jre7\bin\java.dll
0x62e90000 - 0x62ea3000 	C:\Program Files\Java\jre7\bin\zip.dll
0x6d370000 - 0x6d45b000 	C:\windows\system32\dbghelp.dll

VM Arguments:
jvm_args: -Dfile.encoding=GBK -Xbootclasspath:D:\Program Files\sdk\platforms\android-18\android.jar 
java_command: com.louis.bluetoothcar.Test
Launcher Type: SUN_STANDARD

Environment Variables:
JAVA_HOME=D:\Program Files\Java\jdk1.7.0_67
CLASSPATH=.;D:\Program Files\Java\jdk1.7.0_67\lib;D:\Program Files\Java\jdk1.7.0_67\lib\dt.jar;D:\Program Files\Java\jdk1.7.0_67\lib\tools.jar
PATH=C:/Program Files/Java/jre7/bin/client;C:/Program Files/Java/jre7/bin;C:/Program Files/Java/jre7/lib/i386;C:\windows\system32;C:\windows;C:\windows\System32\Wbem;C:\windows\System32\WindowsPowerShell\v1.0\;D:\Program Files\Java\jdk1.7.0_67\bin;D:\Program Files\Java\jdk1.7.0_67\jre\bin;D:\Program Files\sdk\tools;D:\Program Files\sdk\platform-tools;;D:\Program Files\eclipse;
USERNAME=Administrator
OS=Windows_NT
PROCESSOR_IDENTIFIER=x86 Family 6 Model 37 Stepping 5, GenuineIntel



---------------  S Y S T E M  ---------------

OS: Windows 7 Build 7601 Service Pack 1

CPU:total 4 (2 cores per cpu, 2 threads per core) family 6 model 37 stepping 5, cmov, cx8, fxsr, mmx, sse, sse2, sse3, ssse3, sse4.1, sse4.2, popcnt, ht, tsc, tscinvbit

Memory: 4k page, physical 3658884k(1771520k free), swap 7316040k(5133348k free)

vm_info: Java HotSpot(TM) Client VM (24.65-b04) for windows-x86 JRE (1.7.0_67-b01), built on Jul 25 2014 10:20:53 by "java_re" with unknown MS VC++:1600

time: Fri Jul 24 16:54:35 2015
elapsed time: 0 seconds

